\BOOKMARK [1][-]{section.1}{Introduction}{}% 1
\BOOKMARK [1][-]{section.2}{Inverse Classification using Generative Models}{}% 2
\BOOKMARK [2][-]{subsection.2.1}{Sequence Generation}{section.2}% 3
\BOOKMARK [2][-]{subsection.2.2}{Inverse Classification}{section.2}% 4
\BOOKMARK [2][-]{subsection.2.3}{Extension to Modular Approach}{section.2}% 5
\BOOKMARK [1][-]{section.3}{Experiments}{}% 6
\BOOKMARK [2][-]{subsection.3.1}{Data}{section.3}% 7
\BOOKMARK [3][-]{subsubsection.3.1.1}{UCI Character Sequences}{subsection.3.1}% 8
\BOOKMARK [3][-]{subsubsection.3.1.2}{\(sequential\) MNIST}{subsection.3.1}% 9
\BOOKMARK [2][-]{subsection.3.2}{Setup of the Networks}{section.3}% 10
\BOOKMARK [2][-]{subsection.3.3}{Reconstruction of previously unseen Patterns}{section.3}% 11
\BOOKMARK [2][-]{subsection.3.4}{Classification of previously unseen Data}{section.3}% 12
\BOOKMARK [2][-]{subsection.3.5}{Modular Approach}{section.3}% 13
\BOOKMARK [3][-]{subsubsection.3.5.1}{Clustered versus Random Training Samples}{subsection.3.5}% 14
\BOOKMARK [3][-]{subsubsection.3.5.2}{Addition of Noise on input and output}{subsection.3.5}% 15
\BOOKMARK [3][-]{subsubsection.3.5.3}{Distinction between Modular Approach with and without Inverse classification}{subsection.3.5}% 16
\BOOKMARK [3][-]{subsubsection.3.5.4}{Comparison to Forward Classification}{subsection.3.5}% 17
\BOOKMARK [1][-]{section.4}{Results for Modular Inverse Classification}{}% 18
\BOOKMARK [2][-]{subsection.4.1}{Clustered vs Random Training Samples}{section.4}% 19
\BOOKMARK [2][-]{subsection.4.2}{Addition of Noise to input and output}{section.4}% 20
\BOOKMARK [3][-]{subsubsection.4.2.1}{Distinction between Modular Approach with 0 and 50 iterations}{subsection.4.2}% 21
\BOOKMARK [3][-]{subsubsection.4.2.2}{Comparison to Forward Classification}{subsection.4.2}% 22
\BOOKMARK [1][-]{section.5}{Conclusion}{}% 23
\BOOKMARK [2][-]{subsection.5.1}{Limitations}{section.5}% 24
\BOOKMARK [2][-]{subsection.5.2}{Future Outlook}{section.5}% 25
\BOOKMARK [2][-]{subsection.5.3}{Noise on input and output - Appendix}{section.5}% 26
\BOOKMARK [2][-]{subsection.5.4}{GLMs}{section.5}% 27
\BOOKMARK [2][-]{subsection.5.5}{Distinction between Modular Approach with and without Inverse classification - Appendix}{section.5}% 28
